Traceback (most recent call last):
  File "/home/luke/Documents/GitHub/atlas/src/learn_ufm.py", line 461, in <module>
    torch.multiprocessing.spawn(main, args=(args,), nprocs=args.world_size)
  File "/home/luke/anaconda3/envs/atlas/lib/python3.10/site-packages/torch/multiprocessing/spawn.py", line 340, in spawn
    return start_processes(fn, args, nprocs, join, daemon, start_method="spawn")
  File "/home/luke/anaconda3/envs/atlas/lib/python3.10/site-packages/torch/multiprocessing/spawn.py", line 296, in start_processes
    while not context.join():
  File "/home/luke/anaconda3/envs/atlas/lib/python3.10/site-packages/torch/multiprocessing/spawn.py", line 211, in join
    raise ProcessRaisedException(msg, error_index, failed_process.pid)
torch.multiprocessing.spawn.ProcessRaisedException: 

-- Process 0 terminated with the following error:
Traceback (most recent call last):
  File "/home/luke/anaconda3/envs/atlas/lib/python3.10/site-packages/torch/multiprocessing/spawn.py", line 87, in _wrap
    fn(i, *args)
  File "/home/luke/Documents/GitHub/atlas/src/learn_ufm.py", line 72, in main
    task_vectors[dataset] = NonLinearTaskVector(pretrained_checkpoint, finetuned_checkpoint)
  File "/home/luke/Documents/GitHub/atlas/src/task_vectors.py", line 35, in __init__
    finetuned_state_dict = self._load_checkpoint(
  File "/home/luke/Documents/GitHub/atlas/src/task_vectors.py", line 143, in _load_checkpoint
    return torch.load(checkpoint, map_location="cpu", weights_only=False)
  File "/home/luke/anaconda3/envs/atlas/lib/python3.10/site-packages/torch/serialization.py", line 1500, in load
    with _open_file_like(f, "rb") as opened_file:
  File "/home/luke/anaconda3/envs/atlas/lib/python3.10/site-packages/torch/serialization.py", line 768, in _open_file_like
    return _open_file(name_or_buffer, mode)
  File "/home/luke/anaconda3/envs/atlas/lib/python3.10/site-packages/torch/serialization.py", line 749, in __init__
    super().__init__(open(name, mode))  # noqa: SIM115
FileNotFoundError: [Errno 2] No such file or directory: 'checkpoints_openclip/ViT-B-32/DTDVal/finetuned.pt'

