====================================================================================================
Learn task vector coefficients of ViT-B-32 on Cars
====================================================================================================
Traceback (most recent call last):
  File "/home/luke/Documents/GitHub/atlas/src/learn_task_negation.py", line 292, in <module>
    torch.multiprocessing.spawn(main, args=(args,), nprocs=args.world_size)
  File "/home/luke/anaconda3/envs/atlas/lib/python3.10/site-packages/torch/multiprocessing/spawn.py", line 340, in spawn
    return start_processes(fn, args, nprocs, join, daemon, start_method="spawn")
  File "/home/luke/anaconda3/envs/atlas/lib/python3.10/site-packages/torch/multiprocessing/spawn.py", line 296, in start_processes
    while not context.join():
  File "/home/luke/anaconda3/envs/atlas/lib/python3.10/site-packages/torch/multiprocessing/spawn.py", line 211, in join
    raise ProcessRaisedException(msg, error_index, failed_process.pid)
torch.multiprocessing.spawn.ProcessRaisedException: 

-- Process 0 terminated with the following error:
Traceback (most recent call last):
  File "/home/luke/anaconda3/envs/atlas/lib/python3.10/site-packages/torch/multiprocessing/spawn.py", line 87, in _wrap
    fn(i, *args)
  File "/home/luke/Documents/GitHub/atlas/src/learn_task_negation.py", line 31, in main
    setup_ddp(rank, args.world_size, port=args.port)
  File "/home/luke/Documents/GitHub/atlas/src/distributed.py", line 93, in setup_ddp
    torch.distributed.init_process_group(
  File "/home/luke/anaconda3/envs/atlas/lib/python3.10/site-packages/torch/distributed/c10d_logger.py", line 83, in wrapper
    return func(*args, **kwargs)
  File "/home/luke/anaconda3/envs/atlas/lib/python3.10/site-packages/torch/distributed/c10d_logger.py", line 97, in wrapper
    func_return = func(*args, **kwargs)
  File "/home/luke/anaconda3/envs/atlas/lib/python3.10/site-packages/torch/distributed/distributed_c10d.py", line 1806, in init_process_group
    store, rank, world_size = next(rendezvous_iterator)
  File "/home/luke/anaconda3/envs/atlas/lib/python3.10/site-packages/torch/distributed/rendezvous.py", line 281, in _env_rendezvous_handler
    store = _create_c10d_store(
  File "/home/luke/anaconda3/envs/atlas/lib/python3.10/site-packages/torch/distributed/rendezvous.py", line 200, in _create_c10d_store
    return TCPStore(
torch.distributed.DistNetworkError: The server socket has failed to listen on any local network address. port: 12355, useIpv6: false, code: -98, name: EADDRINUSE, message: address already in use

