[2026-03-26 04:25:21] ========================================================
[2026-03-26 04:25:21] aTLAS Full Experiment Suite
[2026-03-26 04:25:21] Started: Thu 26 Mar 2026 04:25:21 AM ACDT
[2026-03-26 04:25:21] Log directory: logs/experiment_suite_20260326_042521
[2026-03-26 04:25:21] ========================================================
[2026-03-26 04:25:21] 
[2026-03-26 04:25:21] ############################################################
[2026-03-26 04:25:21] # PHASE 1: HuggingFace CLIP Backend                       #
[2026-03-26 04:25:21] ############################################################
[2026-03-26 04:25:21] 
[2026-03-26 04:25:21] ========================================================
[2026-03-26 04:25:21] Starting experiments: model=ViT-B-32, backend=clip
[2026-03-26 04:25:21]   Checkpoints: checkpoints_clip/ViT-B-32/
[2026-03-26 04:25:21]   Results:     results_clip/ViT-B-32/
[2026-03-26 04:25:21] ========================================================
[2026-03-26 04:25:21] START: [clip] ViT-B-32: Fine-tune on all datasets (step clip_ViT-B-32_finetune)
[2026-03-26 04:25:37] FAIL:  [clip] ViT-B-32: Fine-tune on all datasets (16s, exit 1)
[2026-03-26 04:25:37] START: [clip] ViT-B-32: Evaluate single-task (none) (step clip_ViT-B-32_eval_none)
[2026-03-26 04:25:38] FAIL:  [clip] ViT-B-32: Evaluate single-task (none) (1s, exit 1)
[2026-03-26 04:25:38] START: [clip] ViT-B-32: Evaluate single-task (standard) (step clip_ViT-B-32_eval_standard)
[2026-03-26 04:25:39] FAIL:  [clip] ViT-B-32: Evaluate single-task (standard) (1s, exit 1)
[2026-03-26 04:25:39] START: [clip] ViT-B-32: Learn task negation (step clip_ViT-B-32_task_negation)
[2026-03-26 04:25:41] FAIL:  [clip] ViT-B-32: Learn task negation (2s, exit 1)
[2026-03-26 04:25:41] START: [clip] ViT-B-32: Learn task addition (step clip_ViT-B-32_task_addition)
[2026-03-26 04:25:42] FAIL:  [clip] ViT-B-32: Learn task addition (1s, exit 1)
[2026-03-26 04:25:42] START: [clip] ViT-B-32: Test-time adaptation (UFM) (step clip_ViT-B-32_ufm)
[2026-03-26 04:25:45] FAIL:  [clip] ViT-B-32: Test-time adaptation (UFM) (3s, exit 1)
[2026-03-26 04:25:45] START: [clip] ViT-B-32: Few-shot adaptation (2 shots) (step clip_ViT-B-32_few_shot)
[2026-03-26 04:28:04] FAIL:  [clip] ViT-B-32: Few-shot adaptation (2 shots) (139s, exit 1)
[2026-03-26 04:28:04] START: [clip] ViT-B-32: Few-shot + tip adapter (2 shots) (step clip_ViT-B-32_few_shot_tip)
[2026-03-26 04:30:22] FAIL:  [clip] ViT-B-32: Few-shot + tip adapter (2 shots) (138s, exit 1)
[2026-03-26 04:30:22] START: [clip] ViT-B-32: Few-shot + lpp adapter (2 shots) (step clip_ViT-B-32_few_shot_lpp)
[2026-03-26 04:32:40] FAIL:  [clip] ViT-B-32: Few-shot + lpp adapter (2 shots) (138s, exit 1)
[2026-03-26 04:32:40] START: [clip] ViT-B-32: aTLAS x K (partition=10, subsample=0.25) (step clip_ViT-B-32_atlas_x_k_0.25)
[2026-03-26 04:35:00] FAIL:  [clip] ViT-B-32: aTLAS x K (partition=10, subsample=0.25) (140s, exit 1)
[2026-03-26 04:35:00] START: [clip] ViT-B-32: Meta-train text-to-coefficient hypernetwork (step clip_ViT-B-32_text_hypernetwork)
[2026-03-26 04:35:01] FAIL:  [clip] ViT-B-32: Meta-train text-to-coefficient hypernetwork (1s, exit 1)
[2026-03-26 04:35:01] START: [clip] ViT-B-32: Meta-train multi-modal hypernetwork (step clip_ViT-B-32_multimodal_hypernetwork)
[2026-03-26 04:35:02] FAIL:  [clip] ViT-B-32: Meta-train multi-modal hypernetwork (1s, exit 1)
[2026-03-26 04:35:02] Finished experiments: model=ViT-B-32, backend=clip
[2026-03-26 04:35:02] 
[2026-03-26 04:35:02] ############################################################
[2026-03-26 04:35:02] # PHASE 2: OpenCLIP Backend                                #
[2026-03-26 04:35:02] ############################################################
[2026-03-26 04:35:02] 
[2026-03-26 04:35:02] ========================================================
[2026-03-26 04:35:02] Starting experiments: model=ViT-B-32, backend=openclip
[2026-03-26 04:35:02]   Checkpoints: checkpoints_openclip/ViT-B-32/
[2026-03-26 04:35:02]   Results:     results_openclip/ViT-B-32/
[2026-03-26 04:35:02] ========================================================
[2026-03-26 04:35:02] START: [openclip] ViT-B-32: Fine-tune on all datasets (step openclip_ViT-B-32_finetune)
